e:\prog\openglpag\openglpag\build\src\openglpag.dir\debug\vc142.pdb
e:\prog\openglpag\openglpag\build\src\openglpag.dir\debug\main.obj
e:\prog\openglpag\openglpag\build\src\openglpag.dir\debug\imgui_impl_opengl3.obj
e:\prog\openglpag\openglpag\build\src\openglpag.dir\debug\imgui_impl_glfw.obj
e:\dz\6 sem\kartykonsoli\openglpag\build\src\openglpag.dir\debug\vc142.pdb
e:\dz\6 sem\kartykonsoli\openglpag\build\src\openglpag.dir\debug\main.obj
e:\prog\openglpag\openglpag\build\src\cmakefiles\generate.stamp
e:\prog\openglpag\openglpag\build\src\debug\openglpag.exe
e:\dz\6 sem\kartykonsoli\openglpag\build\src\openglpag.dir\debug\openglpag.ilk
e:\prog\openglpag\openglpag\build\src\debug\openglpag.pdb
e:\prog\openglpag\openglpag\build\src\debug\openglpag.lib
e:\prog\openglpag\openglpag\build\src\debug\openglpag.exp
e:\dz\6 sem\kartykonsoli\openglpag\build\src\openglpag.dir\debug\cube.obj
e:\dz\6 sem\kartykonsoli\openglpag\build\src\openglpag.dir\debug\imgui_impl_glfw.obj
e:\dz\6 sem\kartykonsoli\openglpag\build\src\openglpag.dir\debug\imgui_impl_opengl3.obj
e:\prog\openglpag\openglpag\build\src\debug\openglpag.ilk
e:\dz\6 sem\kartykonsoli\openglpag\build\src\openglpag.dir\debug\openglpag.tlog\cl.command.1.tlog
e:\dz\6 sem\kartykonsoli\openglpag\build\src\openglpag.dir\debug\openglpag.tlog\cl.read.1.tlog
e:\dz\6 sem\kartykonsoli\openglpag\build\src\openglpag.dir\debug\openglpag.tlog\cl.write.1.tlog
e:\dz\6 sem\kartykonsoli\openglpag\build\src\openglpag.dir\debug\openglpag.tlog\custombuild.command.1.tlog
e:\dz\6 sem\kartykonsoli\openglpag\build\src\openglpag.dir\debug\openglpag.tlog\custombuild.read.1.tlog
e:\dz\6 sem\kartykonsoli\openglpag\build\src\openglpag.dir\debug\openglpag.tlog\custombuild.write.1.tlog
e:\dz\6 sem\kartykonsoli\openglpag\build\src\openglpag.dir\debug\openglpag.tlog\link.command.1.tlog
e:\dz\6 sem\kartykonsoli\openglpag\build\src\openglpag.dir\debug\openglpag.tlog\link.read.1.tlog
e:\dz\6 sem\kartykonsoli\openglpag\build\src\openglpag.dir\debug\openglpag.tlog\link.write.1.tlog
e:\dz\6 sem\kartykonsoli\openglpag\build\src\openglpag.dir\debug\openglpag.tlog\openglpag.write.1u.tlog
