e:\prog\openglpag\openglpag\build\imgui.dir\debug\imgui.pdb
e:\prog\openglpag\openglpag\build\imgui.dir\debug\imgui_widgets.obj
e:\prog\openglpag\openglpag\build\imgui.dir\debug\imgui_draw.obj
e:\prog\openglpag\openglpag\build\imgui.dir\debug\imgui_demo.obj
e:\prog\openglpag\openglpag\build\imgui.dir\debug\imgui.obj
e:\prog\openglpag\openglpag\build\debug\imgui.pdb
e:\prog\openglpag\openglpag\build\cmakefiles\generate.stamp
e:\prog\openglpag\openglpag\build\debug\imgui.lib
e:\dz\6 sem\kartykonsoli\openglpag\build\imgui.dir\debug\imgui.obj
e:\dz\6 sem\kartykonsoli\openglpag\build\imgui.dir\debug\imgui_demo.obj
e:\dz\6 sem\kartykonsoli\openglpag\build\imgui.dir\debug\imgui_draw.obj
e:\dz\6 sem\kartykonsoli\openglpag\build\imgui.dir\debug\imgui_widgets.obj
e:\dz\6 sem\kartykonsoli\openglpag\build\imgui.dir\debug\imgui.pdb
e:\dz\6 sem\kartykonsoli\openglpag\build\imgui.dir\debug\imgui.tlog\cl.command.1.tlog
e:\dz\6 sem\kartykonsoli\openglpag\build\imgui.dir\debug\imgui.tlog\cl.read.1.tlog
e:\dz\6 sem\kartykonsoli\openglpag\build\imgui.dir\debug\imgui.tlog\cl.write.1.tlog
e:\dz\6 sem\kartykonsoli\openglpag\build\imgui.dir\debug\imgui.tlog\custombuild.command.1.tlog
e:\dz\6 sem\kartykonsoli\openglpag\build\imgui.dir\debug\imgui.tlog\custombuild.read.1.tlog
e:\dz\6 sem\kartykonsoli\openglpag\build\imgui.dir\debug\imgui.tlog\custombuild.write.1.tlog
e:\dz\6 sem\kartykonsoli\openglpag\build\imgui.dir\debug\imgui.tlog\lib-link.read.1.tlog
e:\dz\6 sem\kartykonsoli\openglpag\build\imgui.dir\debug\imgui.tlog\lib-link.write.1.tlog
e:\dz\6 sem\kartykonsoli\openglpag\build\imgui.dir\debug\imgui.tlog\lib.command.1.tlog
